---------------------------------------------------------------
[ 2018-03-19T11:13:29+08:00 ] 127.0.0.1 GET /
[ info ] 127.0.0.1:82/ [运行时间：0.464893s][吞吐率：2.15req/s] [内存消耗：1,149.91kb] [文件加载：36]
[ info ] [ LANG ] E:\DongApi\thinkphp\lang\zh-cn.php
[ info ] [ ROUTE ] array (
  'type' => 'module',
  'module' => 
  array (
    0 => '',
    1 => NULL,
    2 => NULL,
  ),
)
[ info ] [ HEADER ] array (
  'upgrade-insecure-requests' => '1',
  'connection' => 'close',
  'cookie' => 'Hm_lvt_3fdc733ff181b34ba3fbbdf650f68f3c=1519892463,1519970299',
  'referer' => 'https://www.baidu.com/baidu?wd=127.0.0.1%EF%BC%9A82%2F&tn=monline_dg&ie=utf-8',
  'accept-encoding' => 'gzip, deflate',
  'accept-language' => 'zh,zh-CN;q=0.8,en-US;q=0.5,en;q=0.3',
  'accept' => 'text/html,application/xhtml+xml,application/xml;q=0.9,*/*;q=0.8',
  'user-agent' => 'Mozilla/5.0 (Windows NT 10.0; Win64; x64; rv:60.0) Gecko/20100101 Firefox/60.0',
  'host' => '127.0.0.1:82',
)
[ info ] [ PARAM ] array (
)
[ info ] [ RUN ] app\index\controller\Index->index[ E:\DongApi\application\index\controller\Index.php ]
[ info ] [ VIEW ] E:\DongApi\public/../application/index\view\index\index.html [ array (
) ]
[ info ] [ LOG ] INIT File
---------------------------------------------------------------
[ 2018-03-19T11:14:13+08:00 ] 127.0.0.1 GET /
[ info ] 127.0.0.1:82/ [运行时间：0.016748s][吞吐率：59.71req/s] [内存消耗：1,033.98kb] [文件加载：34]
[ info ] [ LANG ] E:\DongApi\thinkphp\lang\zh-cn.php
[ info ] [ ROUTE ] array (
  'type' => 'module',
  'module' => 
  array (
    0 => '',
    1 => NULL,
    2 => NULL,
  ),
)
[ info ] [ HEADER ] array (
  'upgrade-insecure-requests' => '1',
  'connection' => 'close',
  'cookie' => 'Hm_lvt_3fdc733ff181b34ba3fbbdf650f68f3c=1519892463,1519970299',
  'accept-encoding' => 'gzip, deflate',
  'accept-language' => 'zh,zh-CN;q=0.8,en-US;q=0.5,en;q=0.3',
  'accept' => 'text/html,application/xhtml+xml,application/xml;q=0.9,*/*;q=0.8',
  'user-agent' => 'Mozilla/5.0 (Windows NT 10.0; Win64; x64; rv:60.0) Gecko/20100101 Firefox/60.0',
  'host' => '127.0.0.1:82',
)
[ info ] [ PARAM ] array (
)
[ info ] [ RUN ] app\index\controller\Index->index[ E:\DongApi\application\index\controller\Index.php ]
[ info ] [ VIEW ] E:\DongApi\public/../application/index\view\index\index.html [ array (
) ]
[ info ] [ LOG ] INIT File
---------------------------------------------------------------
[ 2018-03-19T11:20:53+08:00 ] 127.0.0.1 GET /
[ info ] 127.0.0.1:82/ [运行时间：0.021117s][吞吐率：47.36req/s] [内存消耗：1,034.12kb] [文件加载：34]
[ info ] [ LANG ] E:\DongApi\thinkphp\lang\zh-cn.php
[ info ] [ ROUTE ] array (
  'type' => 'module',
  'module' => 
  array (
    0 => '',
    1 => NULL,
    2 => NULL,
  ),
)
[ info ] [ HEADER ] array (
  'upgrade-insecure-requests' => '1',
  'connection' => 'close',
  'cookie' => 'Hm_lvt_3fdc733ff181b34ba3fbbdf650f68f3c=1519892463,1519970299; PHPSESSID=163gvai9sctk6ft8naf1673of2',
  'accept-encoding' => 'gzip, deflate',
  'accept-language' => 'zh,zh-CN;q=0.8,en-US;q=0.5,en;q=0.3',
  'accept' => 'text/html,application/xhtml+xml,application/xml;q=0.9,*/*;q=0.8',
  'user-agent' => 'Mozilla/5.0 (Windows NT 10.0; Win64; x64; rv:60.0) Gecko/20100101 Firefox/60.0',
  'host' => '127.0.0.1:82',
)
[ info ] [ PARAM ] array (
)
[ info ] [ RUN ] app\index\controller\Index->index[ E:\DongApi\application\index\controller\Index.php ]
[ info ] [ VIEW ] E:\DongApi\public/../application/index\view\index\index.html [ array (
) ]
[ info ] [ LOG ] INIT File
---------------------------------------------------------------
[ 2018-03-19T13:54:46+08:00 ] 127.0.0.1 GET /index.php/api/demo/index
[ info ] 127.0.0.1:82/index.php/api/demo/index [运行时间：0.066336s][吞吐率：15.07req/s] [内存消耗：1,151.66kb] [文件加载：36]
[ info ] [ LANG ] E:\DongApi\thinkphp\lang\zh-cn.php
[ info ] [ ROUTE ] array (
  'type' => 'module',
  'module' => 
  array (
    0 => 'api',
    1 => 'demo',
    2 => 'index',
  ),
)
[ info ] [ HEADER ] array (
  'upgrade-insecure-requests' => '1',
  'connection' => 'close',
  'cookie' => 'Hm_lvt_3fdc733ff181b34ba3fbbdf650f68f3c=1519892463,1519970299; PHPSESSID=163gvai9sctk6ft8naf1673of2',
  'accept-encoding' => 'gzip, deflate',
  'accept-language' => 'zh,zh-CN;q=0.8,en-US;q=0.5,en;q=0.3',
  'accept' => 'text/html,application/xhtml+xml,application/xml;q=0.9,*/*;q=0.8',
  'user-agent' => 'Mozilla/5.0 (Windows NT 10.0; Win64; x64; rv:60.0) Gecko/20100101 Firefox/60.0',
  'host' => '127.0.0.1:82',
)
[ info ] [ PARAM ] array (
)
[ info ] [ RUN ] app\api\controller\Demo->index[ E:\DongApi\application\api\controller\Demo.php ]
[ info ] [ VIEW ] E:\DongApi\public/../application/api\view\demo\index.html [ array (
) ]
[ info ] [ LOG ] INIT File
---------------------------------------------------------------
[ 2018-03-19T13:55:26+08:00 ] 127.0.0.1 POST /index.php/api/index/index
[ info ] 127.0.0.1:82/index.php/api/index/index [运行时间：0.867233s][吞吐率：1.15req/s] [内存消耗：2,095.05kb] [文件加载：47]
[ info ] [ LANG ] E:\DongApi\thinkphp\lang\zh-cn.php
[ info ] [ ROUTE ] array (
  'type' => 'module',
  'module' => 
  array (
    0 => 'api',
    1 => 'index',
    2 => 'index',
  ),
)
[ info ] [ HEADER ] array (
  'cache-control' => 'no-cache',
  'pragma' => 'no-cache',
  'connection' => 'close',
  'cookie' => 'Hm_lvt_3fdc733ff181b34ba3fbbdf650f68f3c=1519892463,1519970299; PHPSESSID=163gvai9sctk6ft8naf1673of2',
  'content-length' => '59',
  'x-requested-with' => 'XMLHttpRequest',
  'content-type' => 'application/x-www-form-urlencoded; charset=UTF-8',
  'referer' => 'http://127.0.0.1:82/index.php/api/demo/index',
  'accept-encoding' => 'gzip, deflate',
  'accept-language' => 'zh,zh-CN;q=0.8,en-US;q=0.5,en;q=0.3',
  'accept' => 'application/json, text/javascript, */*; q=0.01',
  'user-agent' => 'Mozilla/5.0 (Windows NT 10.0; Win64; x64; rv:60.0) Gecko/20100101 Firefox/60.0',
  'host' => '127.0.0.1:82',
)
[ info ] [ PARAM ] array (
  'TransCode' => '020111',
  'OpenId' => 'Test',
  'Body' => 
  array (
    'SongListId' => '141998290',
  ),
)
[ info ] [ DB ] INIT mysql
[ info ] [ RUN ] app\api\controller\Index->index[ E:\DongApi\application\api\controller\Index.php ]
[ info ] [ LOG ] INIT File
[ sql ] [ DB ] CONNECT:[ UseTime:0.037790s ] mysql:host=127.0.0.1;port=3306;dbname=api;charset=utf8
[ sql ] [ SQL ] SHOW COLUMNS FROM `api_user` [ RunTime:0.064261s ]
[ sql ] [ SQL ] SELECT * FROM `api_user` WHERE  `OpenId` = 'Test' [ RunTime:0.009843s ]
[ sql ] [ SQL ] INSERT INTO `api_user` (`OpenId` , `secret` , `nums` , `create_time` , `update_time`) VALUES ('Test' , '0cbc6611f5540bd0809a388dc95a615b' , 1 , 1521438926 , 1521438926) [ RunTime:0.013373s ]
[ sql ] [ SQL ] SELECT * FROM `api_user` WHERE  `OpenId` = 'Test' LIMIT 1 [ RunTime:0.001548s ]
[ sql ] [ SQL ] SHOW COLUMNS FROM `api_api` [ RunTime:0.034211s ]
[ sql ] [ SQL ] SELECT * FROM `api_api` WHERE  `uid` = 2  AND `TransCode` = '020111' [ RunTime:0.001442s ]
[ sql ] [ SQL ] INSERT INTO `api_api` (`uid` , `TransCode` , `nums` , `create_time` , `update_time`) VALUES (2 , '020111' , 1 , 1521438926 , 1521438926) [ RunTime:0.001356s ]
---------------------------------------------------------------
[ 2018-03-19T13:55:30+08:00 ] 127.0.0.1 POST /index.php/api/index/index
[ info ] 127.0.0.1:82/index.php/api/index/index [运行时间：0.147133s][吞吐率：6.80req/s] [内存消耗：2,089.55kb] [文件加载：47]
[ info ] [ LANG ] E:\DongApi\thinkphp\lang\zh-cn.php
[ info ] [ ROUTE ] array (
  'type' => 'module',
  'module' => 
  array (
    0 => 'api',
    1 => 'index',
    2 => 'index',
  ),
)
[ info ] [ HEADER ] array (
  'cache-control' => 'no-cache',
  'pragma' => 'no-cache',
  'connection' => 'close',
  'cookie' => 'Hm_lvt_3fdc733ff181b34ba3fbbdf650f68f3c=1519892463,1519970299; PHPSESSID=163gvai9sctk6ft8naf1673of2',
  'content-length' => '59',
  'x-requested-with' => 'XMLHttpRequest',
  'content-type' => 'application/x-www-form-urlencoded; charset=UTF-8',
  'referer' => 'http://127.0.0.1:82/index.php/api/demo/index',
  'accept-encoding' => 'gzip, deflate',
  'accept-language' => 'zh,zh-CN;q=0.8,en-US;q=0.5,en;q=0.3',
  'accept' => 'application/json, text/javascript, */*; q=0.01',
  'user-agent' => 'Mozilla/5.0 (Windows NT 10.0; Win64; x64; rv:60.0) Gecko/20100101 Firefox/60.0',
  'host' => '127.0.0.1:82',
)
[ info ] [ PARAM ] array (
  'TransCode' => '020111',
  'OpenId' => 'Test',
  'Body' => 
  array (
    'SongListId' => '141998290',
  ),
)
[ info ] [ DB ] INIT mysql
[ info ] [ RUN ] app\api\controller\Index->index[ E:\DongApi\application\api\controller\Index.php ]
[ info ] [ LOG ] INIT File
[ sql ] [ DB ] CONNECT:[ UseTime:0.011029s ] mysql:host=127.0.0.1;port=3306;dbname=api;charset=utf8
[ sql ] [ SQL ] SHOW COLUMNS FROM `api_user` [ RunTime:0.008293s ]
[ sql ] [ SQL ] SELECT * FROM `api_user` WHERE  `OpenId` = 'Test' [ RunTime:0.000616s ]
[ sql ] [ SQL ] UPDATE `api_user`  SET `nums`=`nums`+1  WHERE  `OpenId` = 'Test' [ RunTime:0.013550s ]
[ sql ] [ SQL ] SELECT * FROM `api_user` WHERE  `OpenId` = 'Test' LIMIT 1 [ RunTime:0.000694s ]
[ sql ] [ SQL ] SHOW COLUMNS FROM `api_api` [ RunTime:0.009443s ]
[ sql ] [ SQL ] SELECT * FROM `api_api` WHERE  `uid` = 2  AND `TransCode` = '020111' [ RunTime:0.000743s ]
[ sql ] [ SQL ] UPDATE `api_api`  SET `nums`=`nums`+1  WHERE  `uid` = 2  AND `TransCode` = '020111' [ RunTime:0.000550s ]
---------------------------------------------------------------
[ 2018-03-19T13:55:35+08:00 ] 127.0.0.1 POST /index.php/api/index/index
[ info ] 127.0.0.1:82/index.php/api/index/index [运行时间：0.126365s][吞吐率：7.91req/s] [内存消耗：2,089.55kb] [文件加载：47]
[ info ] [ LANG ] E:\DongApi\thinkphp\lang\zh-cn.php
[ info ] [ ROUTE ] array (
  'type' => 'module',
  'module' => 
  array (
    0 => 'api',
    1 => 'index',
    2 => 'index',
  ),
)
[ info ] [ HEADER ] array (
  'cache-control' => 'no-cache',
  'pragma' => 'no-cache',
  'connection' => 'close',
  'cookie' => 'Hm_lvt_3fdc733ff181b34ba3fbbdf650f68f3c=1519892463,1519970299; PHPSESSID=163gvai9sctk6ft8naf1673of2',
  'content-length' => '59',
  'x-requested-with' => 'XMLHttpRequest',
  'content-type' => 'application/x-www-form-urlencoded; charset=UTF-8',
  'referer' => 'http://127.0.0.1:82/index.php/api/demo/index',
  'accept-encoding' => 'gzip, deflate',
  'accept-language' => 'zh,zh-CN;q=0.8,en-US;q=0.5,en;q=0.3',
  'accept' => 'application/json, text/javascript, */*; q=0.01',
  'user-agent' => 'Mozilla/5.0 (Windows NT 10.0; Win64; x64; rv:60.0) Gecko/20100101 Firefox/60.0',
  'host' => '127.0.0.1:82',
)
[ info ] [ PARAM ] array (
  'TransCode' => '020111',
  'OpenId' => 'Test',
  'Body' => 
  array (
    'SongListId' => '141998290',
  ),
)
[ info ] [ DB ] INIT mysql
[ info ] [ RUN ] app\api\controller\Index->index[ E:\DongApi\application\api\controller\Index.php ]
[ info ] [ LOG ] INIT File
[ sql ] [ DB ] CONNECT:[ UseTime:0.011247s ] mysql:host=127.0.0.1;port=3306;dbname=api;charset=utf8
[ sql ] [ SQL ] SHOW COLUMNS FROM `api_user` [ RunTime:0.009369s ]
[ sql ] [ SQL ] SELECT * FROM `api_user` WHERE  `OpenId` = 'Test' [ RunTime:0.000907s ]
[ sql ] [ SQL ] UPDATE `api_user`  SET `nums`=`nums`+1  WHERE  `OpenId` = 'Test' [ RunTime:0.000769s ]
[ sql ] [ SQL ] SELECT * FROM `api_user` WHERE  `OpenId` = 'Test' LIMIT 1 [ RunTime:0.000765s ]
[ sql ] [ SQL ] SHOW COLUMNS FROM `api_api` [ RunTime:0.008989s ]
[ sql ] [ SQL ] SELECT * FROM `api_api` WHERE  `uid` = 2  AND `TransCode` = '020111' [ RunTime:0.000616s ]
[ sql ] [ SQL ] UPDATE `api_api`  SET `nums`=`nums`+1  WHERE  `uid` = 2  AND `TransCode` = '020111' [ RunTime:0.000554s ]
